[07:45:58] [main/INFO]: Running GameTestMain with cwd '/Users/yuyu/Documents/rustmine', universe path '/var/folders/mv/xrc4nvnj7xx4r06r80ldygrm0000gn/T/rustmine-entity-fixture-policy-12965116466578711636/universe'
[07:45:59] [main/INFO]: Included folder pack rustmine_entity_fixture_policy
[07:46:00] [main/INFO]: Loaded 1515 recipes
[07:46:00] [main/INFO]: Loaded 1617 advancements
[07:46:00] [Server thread/INFO]: Selecting global world spawn...
[07:46:00] [Server thread/INFO]: Loading 0 persistent chunks...
[07:46:00] [Server thread/INFO]: Preparing spawn area: 100%
[07:46:00] [Server thread/INFO]: Time elapsed: 125 ms
[07:46:00] [Server thread/INFO]: Each test that matches rustmine:entity_packet_probe will be run 1 times (total: 1)
[07:46:00] [Server thread/INFO]: Started game test server
[07:46:00] [Server thread/INFO]: 1 tests are now running at position 7745049, -59, 772062!
[07:46:00] [Server thread/INFO]: Running test environment 'minecraft:default' batch 0 (1 tests)...
[07:46:00] [Server thread/INFO]: [ ]
[07:46:00] [Server thread/INFO]: [ ]
[07:46:00] [Server thread/INFO]: [ ]
[07:46:00] [Server thread/INFO]: [ ]
[07:46:00] [Server thread/INFO]: [ ]
[07:46:00] [Server thread/INFO]: [ ]
[07:46:00] [Server thread/INFO]: [ ]
[07:46:00] [Server thread/INFO]: [ ]
[07:46:00] [Server thread/INFO]: [ ]
[07:46:00] [Server thread/INFO]: [ ]
[07:46:00] [Server thread/INFO]: [ ]
[07:46:00] [Server thread/INFO]: [ ]
[07:46:00] [Server thread/INFO]: [ ]
[07:46:00] [Server thread/INFO]: [ ]
[07:46:00] [Server thread/INFO]: [ ]
[07:46:00] [Server thread/INFO]: [+]
[07:46:00] [Server thread/INFO]: ========= 1 GAME TESTS COMPLETE IN 358.3 ms ======================
[07:46:00] [Server thread/INFO]: All 1 required tests passed :)
[07:46:00] [Server thread/INFO]: ====================================================
[07:46:00] [Server thread/INFO]: Stopping server
[07:46:00] [Server thread/INFO]: Saving players
[07:46:00] [Server thread/INFO]: Saving worlds
[07:46:00] [Server thread/INFO]: Saving chunks for level 'ServerLevel[Test Level]'/minecraft:overworld
[07:46:01] [Server thread/INFO]: Saving chunks for level 'ServerLevel[Test Level]'/minecraft:the_end
[07:46:01] [Server thread/INFO]: Saving chunks for level 'ServerLevel[Test Level]'/minecraft:the_nether
[07:46:01] [Server thread/INFO]: ThreadedAnvilChunkStorage (world): All chunks are saved
[07:46:01] [Server thread/INFO]: ThreadedAnvilChunkStorage (DIM1): All chunks are saved
[07:46:01] [Server thread/INFO]: ThreadedAnvilChunkStorage (DIM-1): All chunks are saved
[07:46:01] [Server thread/INFO]: ThreadedAnvilChunkStorage: All dimensions are saved
[07:46:01] [Server thread/INFO]: Game test server shutting down
